This file contains any messages produced by compilers while
running configure, to aid debugging if configure makes a mistake.

It was created by h264bitstream configure 0.2.0, which was
generated by GNU Autoconf 2.68.  Invocation command line was

  $ ./configure 

## --------- ##
## Platform. ##
## --------- ##

hostname = Vorton-PC
uname -m = i686
uname -r = 1.7.5(0.225/5/3)
uname -s = CYGWIN_NT-6.1-WOW64
uname -v = 2010-04-12 19:07

/usr/bin/uname -p = unknown
/bin/uname -X     = unknown

/bin/arch              = i686
/usr/bin/arch -k       = unknown
/usr/convex/getsysinfo = unknown
/usr/bin/hostinfo      = unknown
/bin/machine           = unknown
/usr/bin/oslevel       = unknown
/bin/universe          = unknown

PATH: /cygdrive/c/Program Files/Common Files/Microsoft Shared/Windows Live
PATH: /cygdrive/c/Program Files (x86)/Common Files/Microsoft Shared/Windows Live
PATH: /cygdrive/c/Program Files (x86)/Intel/iCLS Client/
PATH: /cygdrive/c/Program Files/Intel/iCLS Client/
PATH: /cygdrive/c/Windows/system32
PATH: /cygdrive/c/Windows
PATH: /cygdrive/c/Windows/System32/Wbem
PATH: /cygdrive/c/Windows/System32/WindowsPowerShell/v1.0/
PATH: /cygdrive/c/Program Files/Intel/WiFi/bin/
PATH: /cygdrive/c/Program Files/Common Files/Intel/WirelessCommon/
PATH: /cygdrive/c/Program Files (x86)/Windows Live/Shared
PATH: /cygdrive/c/Program Files/TortoiseSVN/bin
PATH: /cygdrive/c/Program Files (x86)/Git/cmd
PATH: /usr/bin
PATH: /cygdrive/c/apache-ant-1.8.1/bin
PATH: /cygdrive/c/Program Files/Java/jdk1.7.0_25/bin
PATH: /cygdrive/c/Program Files/Java/jre7/bin
PATH: /cygdrive/c/Program Files (x86)/IVI Foundation/IVI/bin
PATH: /cygdrive/c/Program Files/IVI Foundation/IVI/bin
PATH: /cygdrive/c/Program Files/IVI Foundation/VISA/Win64/Bin/
PATH: /cygdrive/c/Program Files (x86)/IVI Foundation/VISA/WinNT/Bin/
PATH: /cygdrive/c/Program Files (x86)/IVI Foundation/VISA/WinNT/Bin
PATH: /cygdrive/c/Program Files (x86)/Microsoft SQL Server/90/Tools/binn/
PATH: /usr/lib
PATH: /usr/bin
PATH: /cygdrive/c/Program Files (x86)/GNU/GnuPG/pub
PATH: /cygdrive/c/Program Files (x86)/Symantec/VIP Access Client/
PATH: /cygdrive/c/Program Files (x86)/MySQL/MySQL Utilities 1.3.4/
PATH: /cygdrive/c/Program Files (x86)/Windows Kits/8.1/Windows Performance Toolkit/
PATH: /cygdrive/c/Program Files/Microsoft SQL Server/110/Tools/Binn/


## ----------- ##
## Core tests. ##
## ----------- ##

configure:2137: checking build system type
configure:2151: result: i686-pc-cygwin
configure:2171: checking host system type
configure:2184: result: i686-pc-cygwin
configure:2204: checking target system type
configure:2217: result: i686-pc-cygwin
configure:2272: checking for a BSD-compatible install
configure:2340: result: /usr/bin/install -c
configure:2351: checking whether build environment is sane
configure:2401: result: yes
configure:2542: checking for a thread-safe mkdir -p
configure:2581: result: /usr/bin/mkdir -p
configure:2594: checking for gawk
configure:2610: found /usr/bin/gawk
configure:2621: result: gawk
configure:2632: checking whether make sets $(MAKE)
configure:2654: result: yes
configure:2783: checking for gcc
configure:2799: found /usr/bin/gcc
configure:2810: result: gcc
configure:3039: checking for C compiler version
configure:3048: gcc --version >&5
gcc (GCC) 4.3.4 20090804 (release) 1
Copyright (C) 2008 Free Software Foundation, Inc.
This is free software; see the source for copying conditions.  There is NO
warranty; not even for MERCHANTABILITY or FITNESS FOR A PARTICULAR PURPOSE.

configure:3059: $? = 0
configure:3048: gcc -v >&5
Using built-in specs.
Target: i686-pc-cygwin
Configured with: /gnu/gcc/releases/packaging/4.3.4-3/gcc4-4.3.4-3/src/gcc-4.3.4/configure --srcdir=/gnu/gcc/releases/packaging/4.3.4-3/gcc4-4.3.4-3/src/gcc-4.3.4 --prefix=/usr --exec-prefix=/usr --bindir=/usr/bin --sbindir=/usr/sbin --libexecdir=/usr/lib --datadir=/usr/share --localstatedir=/var --sysconfdir=/etc --infodir=/usr/share/info --mandir=/usr/share/man --datadir=/usr/share --infodir=/usr/share/info --mandir=/usr/share/man -v --with-gmp=/usr --with-mpfr=/usr --enable-bootstrap --enable-version-specific-runtime-libs --with-slibdir=/usr/bin --libexecdir=/usr/lib --enable-static --enable-shared --enable-shared-libgcc --disable-__cxa_atexit --with-gnu-ld --with-gnu-as --with-dwarf2 --disable-sjlj-exceptions --enable-languages=ada,c,c++,fortran,java,objc,obj-c++ --disable-symvers --enable-libjava --program-suffix=-4 --enable-libgomp --enable-libssp --enable-libada --enable-threads=posix --with-arch=i686 --with-tune=generic --enable-libgcj-sublibs CC=gcc-4 CXX=g++-4 CC_FOR_TARGET=gcc-4 CXX_FOR_TARGET=g++-4 GNATMAKE_FOR_TARGET=gnatmake GNATBIND_FOR_TARGET=gnatbind AS=/opt/gcc-tools/bin/as.exe AS_FOR_TARGET=/opt/gcc-tools/bin/as.exe LD=/opt/gcc-tools/bin/ld.exe LD_FOR_TARGET=/opt/gcc-tools/bin/ld.exe --with-ecj-jar=/usr/share/java/ecj.jar
Thread model: posix
gcc version 4.3.4 20090804 (release) 1 (GCC) 
configure:3059: $? = 0
configure:3048: gcc -V >&5
gcc: '-V' option must have argument
configure:3059: $? = 1
configure:3048: gcc -qversion >&5
gcc: unrecognized option '-qversion'
gcc: no input files
configure:3059: $? = 1
configure:3079: checking whether the C compiler works
configure:3101: gcc    conftest.c  >&5
configure:3105: $? = 0
configure:3153: result: yes
configure:3156: checking for C compiler default output file name
configure:3158: result: a.exe
configure:3164: checking for suffix of executables
configure:3171: gcc -o conftest.exe    conftest.c  >&5
configure:3175: $? = 0
configure:3197: result: .exe
configure:3219: checking whether we are cross compiling
configure:3227: gcc -o conftest.exe    conftest.c  >&5
configure:3231: $? = 0
configure:3238: ./conftest.exe
configure:3242: $? = 0
configure:3257: result: no
configure:3262: checking for suffix of object files
configure:3284: gcc -c   conftest.c >&5
configure:3288: $? = 0
configure:3309: result: o
configure:3313: checking whether we are using the GNU C compiler
configure:3332: gcc -c   conftest.c >&5
configure:3332: $? = 0
configure:3341: result: yes
configure:3350: checking whether gcc accepts -g
configure:3370: gcc -c -g  conftest.c >&5
configure:3370: $? = 0
configure:3411: result: yes
configure:3428: checking for gcc option to accept ISO C89
configure:3492: gcc  -c -g -O2  conftest.c >&5
configure:3492: $? = 0
configure:3505: result: none needed
configure:3536: checking for style of include used by make
configure:3564: result: GNU
configure:3590: checking dependency style of gcc
configure:3701: result: none
configure:3717: checking whether gcc and cc understand -c and -o together
configure:3748: gcc -c conftest.c -o conftest2.o >&5
configure:3752: $? = 0
configure:3758: gcc -c conftest.c -o conftest2.o >&5
configure:3762: $? = 0
configure:3773: cc -c conftest.c >&5
configure:3777: $? = 0
configure:3785: cc -c conftest.c -o conftest2.o >&5
configure:3789: $? = 0
configure:3795: cc -c conftest.c -o conftest2.o >&5
configure:3799: $? = 0
configure:3817: result: yes
configure:3842: checking for a sed that does not truncate output
configure:3906: result: /usr/bin/sed
configure:3924: checking for grep that handles long lines and -e
configure:3982: result: /usr/bin/grep
configure:3987: checking for egrep
configure:4049: result: /usr/bin/grep -E
configure:4054: checking for fgrep
configure:4116: result: /usr/bin/grep -F
configure:4143: checking how to print strings
configure:4170: result: printf
configure:4203: checking for ld used by gcc
configure:4270: result: /usr/i686-pc-cygwin/bin/ld.exe
configure:4277: checking if the linker (/usr/i686-pc-cygwin/bin/ld.exe) is GNU ld
configure:4292: result: yes
configure:4347: checking for BSD- or MS-compatible name lister (nm)
configure:4396: result: /usr/bin/nm -B
configure:4526: checking the name lister (/usr/bin/nm -B) interface
configure:4533: gcc -c -g -O2  conftest.c >&5
configure:4536: /usr/bin/nm -B "conftest.o"
configure:4539: output
00000000 b .bss
00000000 d .data
00000000 N .debug_abbrev
00000000 N .debug_info
00000000 N .debug_line
00000000 N .debug_pubnames
00000000 t .text
00000000 B _some_variable
configure:4546: result: BSD nm
configure:4549: checking whether ln -s works
configure:4553: result: yes
configure:4561: checking the maximum length of command line arguments
configure:4691: result: 8192
configure:4708: checking whether the shell understands some XSI constructs
configure:4718: result: yes
configure:4722: checking whether the shell understands "+="
configure:4728: result: yes
configure:4763: checking how to convert i686-pc-cygwin file names to i686-pc-cygwin format
configure:4803: result: func_convert_file_noop
configure:4810: checking how to convert i686-pc-cygwin file names to toolchain format
configure:4830: result: func_convert_file_noop
configure:4837: checking for /usr/i686-pc-cygwin/bin/ld.exe option to reload object files
configure:4844: result: -r
configure:4918: checking for objdump
configure:4934: found /usr/bin/objdump
configure:4945: result: objdump
configure:4977: checking how to recognize dependent libraries
configure:5179: result: file_magic ^x86 archive import|^x86 DLL
configure:5264: checking for dlltool
configure:5280: found /usr/bin/dlltool
configure:5291: result: dlltool
configure:5324: checking how to associate runtime and link libraries
configure:5351: result: func_cygming_dll_for_implib
configure:5412: checking for ar
configure:5428: found /usr/bin/ar
configure:5439: result: ar
configure:5476: checking for archiver @FILE support
configure:5493: gcc -c -g -O2  conftest.c >&5
configure:5493: $? = 0
configure:5496: ar cru libconftest.a @conftest.lst >&5
configure:5499: $? = 0
configure:5504: ar cru libconftest.a @conftest.lst >&5
ar: conftest.o: No such file or directory
configure:5507: $? = 1
configure:5519: result: @
configure:5577: checking for strip
configure:5593: found /usr/bin/strip
configure:5604: result: strip
configure:5676: checking for ranlib
configure:5692: found /usr/bin/ranlib
configure:5703: result: ranlib
configure:5805: checking command to parse /usr/bin/nm -B output from gcc object
configure:5925: gcc -c -g -O2  conftest.c >&5
configure:5928: $? = 0
configure:5932: /usr/bin/nm -B conftest.o \| sed -n -e 's/^.*[ ]\([ABCDGIRSTW][ABCDGIRSTW]*\)[ ][ ]*\([_A-Za-z][_A-Za-z0-9]*\)$/\1 \2 \2/p' | sed '/ __gnu_lto/d' \> conftest.nm
configure:5935: $? = 0
cannot find nm_test_var in conftest.nm
configure:5925: gcc -c -g -O2  conftest.c >&5
configure:5928: $? = 0
configure:5932: /usr/bin/nm -B conftest.o \| sed -n -e 's/^.*[ ]\([ABCDGIRSTW][ABCDGIRSTW]*\)[ ][ ]*_\([_A-Za-z][_A-Za-z0-9]*\)$/\1 _\2 \2/p' | sed '/ __gnu_lto/d' \> conftest.nm
configure:5935: $? = 0
cannot find nm_test_var in conftest.nm
configure:6039: result: failed
configure:6079: checking for sysroot
configure:6109: result: no
configure:6365: checking for mt
configure:6395: result: no
configure:6415: checking if : is a manifest tool
configure:6421: : '-?'
configure:6429: result: no
configure:7071: checking how to run the C preprocessor
configure:7102: gcc -E  conftest.c
configure:7102: $? = 0
configure:7116: gcc -E  conftest.c
conftest.c:11:28: error: ac_nonexistent.h: No such file or directory
configure:7116: $? = 1
configure: failed program was:
| /* confdefs.h */
| #define PACKAGE_NAME "h264bitstream"
| #define PACKAGE_TARNAME "h264bitstream"
| #define PACKAGE_VERSION "0.2.0"
| #define PACKAGE_STRING "h264bitstream 0.2.0"
| #define PACKAGE_BUGREPORT "aizvorski@gmail.com"
| #define PACKAGE_URL ""
| #define PACKAGE "h264bitstream"
| #define VERSION "0.2.0"
| /* end confdefs.h.  */
| #include <ac_nonexistent.h>
configure:7141: result: gcc -E
configure:7161: gcc -E  conftest.c
configure:7161: $? = 0
configure:7175: gcc -E  conftest.c
conftest.c:11:28: error: ac_nonexistent.h: No such file or directory
configure:7175: $? = 1
configure: failed program was:
| /* confdefs.h */
| #define PACKAGE_NAME "h264bitstream"
| #define PACKAGE_TARNAME "h264bitstream"
| #define PACKAGE_VERSION "0.2.0"
| #define PACKAGE_STRING "h264bitstream 0.2.0"
| #define PACKAGE_BUGREPORT "aizvorski@gmail.com"
| #define PACKAGE_URL ""
| #define PACKAGE "h264bitstream"
| #define VERSION "0.2.0"
| /* end confdefs.h.  */
| #include <ac_nonexistent.h>
configure:7204: checking for ANSI C header files
configure:7224: gcc -c -g -O2  conftest.c >&5
configure:7224: $? = 0
configure:7297: gcc -o conftest.exe -g -O2   conftest.c  >&5
configure:7297: $? = 0
configure:7297: ./conftest.exe
configure:7297: $? = 0
configure:7308: result: yes
configure:7321: checking for sys/types.h
configure:7321: gcc -c -g -O2  conftest.c >&5
configure:7321: $? = 0
configure:7321: result: yes
configure:7321: checking for sys/stat.h
configure:7321: gcc -c -g -O2  conftest.c >&5
configure:7321: $? = 0
configure:7321: result: yes
configure:7321: checking for stdlib.h
configure:7321: gcc -c -g -O2  conftest.c >&5
configure:7321: $? = 0
configure:7321: result: yes
configure:7321: checking for string.h
configure:7321: gcc -c -g -O2  conftest.c >&5
configure:7321: $? = 0
configure:7321: result: yes
configure:7321: checking for memory.h
configure:7321: gcc -c -g -O2  conftest.c >&5
configure:7321: $? = 0
configure:7321: result: yes
configure:7321: checking for strings.h
configure:7321: gcc -c -g -O2  conftest.c >&5
configure:7321: $? = 0
configure:7321: result: yes
configure:7321: checking for inttypes.h
configure:7321: gcc -c -g -O2  conftest.c >&5
configure:7321: $? = 0
configure:7321: result: yes
configure:7321: checking for stdint.h
configure:7321: gcc -c -g -O2  conftest.c >&5
configure:7321: $? = 0
configure:7321: result: yes
configure:7321: checking for unistd.h
configure:7321: gcc -c -g -O2  conftest.c >&5
configure:7321: $? = 0
configure:7321: result: yes
configure:7335: checking for dlfcn.h
configure:7335: gcc -c -g -O2  conftest.c >&5
configure:7335: $? = 0
configure:7335: result: yes
configure:7541: checking for objdir
configure:7556: result: .libs
configure:7827: checking if gcc supports -fno-rtti -fno-exceptions
configure:7845: gcc -c -g -O2  -fno-rtti -fno-exceptions conftest.c >&5
cc1: warning: command line option "-fno-rtti" is valid for C++/ObjC++ but not for C
configure:7849: $? = 0
configure:7862: result: no
configure:8189: checking for gcc option to produce PIC
configure:8196: result: -DDLL_EXPORT -DPIC
configure:8204: checking if gcc PIC flag -DDLL_EXPORT -DPIC works
configure:8222: gcc -c -g -O2  -DDLL_EXPORT -DPIC -DPIC conftest.c >&5
configure:8226: $? = 0
configure:8239: result: yes
configure:8268: checking if gcc static flag -static works
configure:8296: result: no
configure:8311: checking if gcc supports -c -o file.o
configure:8332: gcc -c -g -O2  -o out/conftest2.o conftest.c >&5
configure:8336: $? = 0
configure:8358: result: yes
configure:8366: checking if gcc supports -c -o file.o
configure:8413: result: yes
configure:8446: checking whether the gcc linker (/usr/i686-pc-cygwin/bin/ld.exe) supports shared libraries
configure:9599: result: yes
configure:9636: checking whether -lc should be explicitly linked in
configure:9644: gcc -c -g -O2  conftest.c >&5
configure:9647: $? = 0
configure:9662: gcc -shared conftest.o  -v -o ./conftest -Wl,--enable-auto-image-base -Xlinker --out-implib -Xlinker conftest 2\>\&1 \| /usr/bin/grep  -lc  \>/dev/null 2\>\&1
configure:9665: $? = 1
configure:9679: result: yes
configure:9839: checking dynamic linker characteristics
configure:10572: result: Win32 ld.exe
configure:10679: checking how to hardcode library paths into programs
configure:10704: result: immediate
configure:11244: checking whether stripping libraries is possible
configure:11249: result: yes
configure:11284: checking if libtool supports shared libraries
configure:11286: result: yes
configure:11289: checking whether to build shared libraries
configure:11310: result: yes
configure:11313: checking whether to build static libraries
configure:11317: result: yes
configure:11357: checking for getopt_long
configure:11357: gcc -o conftest.exe -g -O2   conftest.c  >&5
configure:11357: $? = 0
configure:11357: result: yes
configure:11375: checking Checking for --enable-debug flag
configure:11385: result: no
configure:11408: checking our pkgconfig libname
configure:11416: result: libh264bitstream
configure:11419: checking our pkgconfig version
configure:11427: result: 0.2.0
configure:11430: checking our pkgconfig_libdir
configure:11437: result: ${libdir}/pkgconfig
configure:11440: result: expanded our pkgconfig_libdir... /usr/local/lib/pkgconfig
configure:11444: checking our pkgconfig_libfile
configure:11450: result: libh264bitstream.pc
configure:11457: checking our package / suffix
configure:11461: result: h264bitstream / 
configure:11464: checking our pkgconfig description
configure:11471: result: libh264bitstream Library
configure:11474: checking our pkgconfig requires
configure:11479: result: 
configure:11482: checking our pkgconfig ext libs
configure:11489: result: ${libdir}/libh264bitstream.la
configure:11492: checking our pkgconfig cppflags
configure:11497: result: 
configure:11500: checking our pkgconfig ldflags
configure:11505: result: 
configure:11580: result: noninstalled pkgconfig -I /cygdrive/c/SunriseSW/Contracting/Cablelabs_MPEGDASH/skit-refsw/h264bitstream/.
configure:11754: creating ./config.status

## ---------------------- ##
## Running config.status. ##
## ---------------------- ##

This file was extended by h264bitstream config.status 0.2.0, which was
generated by GNU Autoconf 2.68.  Invocation command line was

  CONFIG_FILES    = 
  CONFIG_HEADERS  = 
  CONFIG_LINKS    = 
  CONFIG_COMMANDS = 
  $ ./config.status 

on Vorton-PC

config.status:1055: creating Makefile
config.status:1227: executing depfiles commands
config.status:1227: executing libtool commands
config.status:1227: executing libh264bitstream.pc commands
config.status:1968: creating libh264bitstream.pc.in
config.status:1991: creating libh264bitstream.pc
config.status:2017: creating libh264bitstream-uninstalled.pc
config.status:2047: creating libh264bitstream-uninstalled.sh

## ---------------- ##
## Cache variables. ##
## ---------------- ##

ac_cv_build=i686-pc-cygwin
ac_cv_c_compiler_gnu=yes
ac_cv_env_build_alias_set=
ac_cv_env_build_alias_value=
ac_cv_env_CC_set=
ac_cv_env_CC_value=
ac_cv_env_CFLAGS_set=
ac_cv_env_CFLAGS_value=
ac_cv_env_CPP_set=
ac_cv_env_CPP_value=
ac_cv_env_CPPFLAGS_set=
ac_cv_env_CPPFLAGS_value=
ac_cv_env_host_alias_set=
ac_cv_env_host_alias_value=
ac_cv_env_LDFLAGS_set=
ac_cv_env_LDFLAGS_value=
ac_cv_env_LIBS_set=
ac_cv_env_LIBS_value=
ac_cv_env_target_alias_set=
ac_cv_env_target_alias_value=
ac_cv_exeext=.exe
ac_cv_func_getopt_long=yes
ac_cv_header_dlfcn_h=yes
ac_cv_header_inttypes_h=yes
ac_cv_header_memory_h=yes
ac_cv_header_stdc=yes
ac_cv_header_stdint_h=yes
ac_cv_header_stdlib_h=yes
ac_cv_header_string_h=yes
ac_cv_header_strings_h=yes
ac_cv_header_sys_stat_h=yes
ac_cv_header_sys_types_h=yes
ac_cv_header_unistd_h=yes
ac_cv_host=i686-pc-cygwin
ac_cv_objext=o
ac_cv_path_EGREP='/usr/bin/grep -E'
ac_cv_path_FGREP='/usr/bin/grep -F'
ac_cv_path_GREP=/usr/bin/grep
ac_cv_path_install='/usr/bin/install -c'
ac_cv_path_mkdir=/usr/bin/mkdir
ac_cv_path_SED=/usr/bin/sed
ac_cv_prog_ac_ct_AR=ar
ac_cv_prog_ac_ct_CC=gcc
ac_cv_prog_ac_ct_DLLTOOL=dlltool
ac_cv_prog_ac_ct_OBJDUMP=objdump
ac_cv_prog_ac_ct_RANLIB=ranlib
ac_cv_prog_ac_ct_STRIP=strip
ac_cv_prog_AWK=gawk
ac_cv_prog_cc_c89=
ac_cv_prog_cc_g=yes
ac_cv_prog_cc_gcc_c_o=yes
ac_cv_prog_CPP='gcc -E'
ac_cv_prog_make_make_set=yes
ac_cv_target=i686-pc-cygwin
am_cv_CC_dependencies_compiler_type=none
lt_cv_ar_at_file=@
lt_cv_archive_cmds_need_lc=yes
lt_cv_deplibs_check_method='file_magic ^x86 archive import|^x86 DLL'
lt_cv_file_magic_cmd=func_win32_libid
lt_cv_file_magic_test_file=
lt_cv_ld_reload_flag=-r
lt_cv_nm_interface='BSD nm'
lt_cv_objdir=.libs
lt_cv_path_LD=/usr/i686-pc-cygwin/bin/ld.exe
lt_cv_path_mainfest_tool=no
lt_cv_path_NM='/usr/bin/nm -B'
lt_cv_prog_compiler_c_o=yes
lt_cv_prog_compiler_pic_works=yes
lt_cv_prog_compiler_pic='-DDLL_EXPORT -DPIC'
lt_cv_prog_compiler_rtti_exceptions=no
lt_cv_prog_compiler_static_works=no
lt_cv_prog_gnu_ld=yes
lt_cv_sharedlib_from_linklib_cmd=func_cygming_dll_for_implib
lt_cv_sys_global_symbol_pipe=
lt_cv_sys_global_symbol_to_c_name_address_lib_prefix='sed -n -e '\''s/^: \([^ ]*\)[ ]*$/  {\"\1\", (void *) 0},/p'\'' -e '\''s/^[ABCDGIRSTW]* \([^ ]*\) \(lib[^ ]*\)$/  {"\2", (void *) \&\2},/p'\'' -e '\''s/^[ABCDGIRSTW]* \([^ ]*\) \([^ ]*\)$/  {"lib\2", (void *) \&\2},/p'\'''
lt_cv_sys_global_symbol_to_c_name_address='sed -n -e '\''s/^: \([^ ]*\)[ ]*$/  {\"\1\", (void *) 0},/p'\'' -e '\''s/^[ABCDGIRSTW]* \([^ ]*\) \([^ ]*\)$/  {"\2", (void *) \&\2},/p'\'''
lt_cv_sys_global_symbol_to_cdecl=
lt_cv_sys_max_cmd_len=8192
lt_cv_to_host_file_cmd=func_convert_file_noop
lt_cv_to_tool_file_cmd=func_convert_file_noop

## ----------------- ##
## Output variables. ##
## ----------------- ##

ac_ct_AR='ar'
ac_ct_CC='gcc'
ac_ct_DUMPBIN=''
ACLOCAL='${SHELL} /cygdrive/c/SunriseSW/Contracting/Cablelabs_MPEGDASH/skit-refsw/h264bitstream/build-aux/missing --run aclocal-1.11'
am__EXEEXT_FALSE='#'
am__EXEEXT_TRUE=''
am__fastdepCC_FALSE=''
am__fastdepCC_TRUE='#'
am__include='include'
am__isrc=''
am__leading_dot='.'
am__nodep='_no'
am__quote=''
am__tar='$${TAR-tar} chof - "$$tardir"'
am__untar='$${TAR-tar} xf -'
AM_CFLAGS=' -O2 -g -Wall'
AMDEP_FALSE='#'
AMDEP_TRUE=''
AMDEPBACKSLASH='\'
AMTAR='$${TAR-tar}'
AR='ar'
AUTOCONF='${SHELL} /cygdrive/c/SunriseSW/Contracting/Cablelabs_MPEGDASH/skit-refsw/h264bitstream/build-aux/missing --run autoconf'
AUTOHEADER='${SHELL} /cygdrive/c/SunriseSW/Contracting/Cablelabs_MPEGDASH/skit-refsw/h264bitstream/build-aux/missing --run autoheader'
AUTOMAKE='${SHELL} /cygdrive/c/SunriseSW/Contracting/Cablelabs_MPEGDASH/skit-refsw/h264bitstream/build-aux/missing --run automake-1.11'
AWK='gawk'
bindir='${exec_prefix}/bin'
build_alias=''
build_cpu='i686'
build_os='cygwin'
build_vendor='pc'
build='i686-pc-cygwin'
CC='gcc'
CCDEPMODE='depmode=none'
CFLAGS='-g -O2'
CPP='gcc -E'
CPPFLAGS=''
CYGPATH_W='cygpath -w'
datadir='${datarootdir}'
datarootdir='${prefix}/share'
DEFS='-DPACKAGE_NAME=\"h264bitstream\" -DPACKAGE_TARNAME=\"h264bitstream\" -DPACKAGE_VERSION=\"0.2.0\" -DPACKAGE_STRING=\"h264bitstream\ 0.2.0\" -DPACKAGE_BUGREPORT=\"aizvorski@gmail.com\" -DPACKAGE_URL=\"\" -DPACKAGE=\"h264bitstream\" -DVERSION=\"0.2.0\" -DSTDC_HEADERS=1 -DHAVE_SYS_TYPES_H=1 -DHAVE_SYS_STAT_H=1 -DHAVE_STDLIB_H=1 -DHAVE_STRING_H=1 -DHAVE_MEMORY_H=1 -DHAVE_STRINGS_H=1 -DHAVE_INTTYPES_H=1 -DHAVE_STDINT_H=1 -DHAVE_UNISTD_H=1 -DHAVE_DLFCN_H=1 -DLT_OBJDIR=\".libs/\" -DHAVE_GETOPT_LONG=1 -DNDEBUG=/\*\*/'
DEPDIR='.deps'
DLLTOOL='dlltool'
docdir='${datarootdir}/doc/${PACKAGE_TARNAME}'
DSYMUTIL=''
DUMPBIN=''
dvidir='${docdir}'
ECHO_C=''
ECHO_N='-n'
ECHO_T=''
EGREP='/usr/bin/grep -E'
exec_prefix='${prefix}'
EXEEXT='.exe'
EXTRA_CFLAGS='-std=c99 -Wno-error'
FGREP='/usr/bin/grep -F'
GREP='/usr/bin/grep'
host_alias=''
host_cpu='i686'
host_os='cygwin'
host_vendor='pc'
host='i686-pc-cygwin'
htmldir='${docdir}'
includedir='${prefix}/include'
infodir='${datarootdir}/info'
INSTALL_DATA='${INSTALL} -m 644'
INSTALL_PROGRAM='${INSTALL}'
INSTALL_SCRIPT='${INSTALL}'
install_sh='${SHELL} /cygdrive/c/SunriseSW/Contracting/Cablelabs_MPEGDASH/skit-refsw/h264bitstream/build-aux/install-sh'
INSTALL_STRIP_PROGRAM='$(install_sh) -c -s'
LD='/usr/i686-pc-cygwin/bin/ld.exe'
LDFLAGS=''
libdir='${exec_prefix}/lib'
libexecdir='${exec_prefix}/libexec'
LIBOBJS=''
LIBS=''
LIBTOOL='$(SHELL) $(top_builddir)/libtool'
LIPO=''
LN_S='ln -s'
localedir='${datarootdir}/locale'
localstatedir='${prefix}/var'
LTLIBOBJS=''
MAKEINFO='${SHELL} /cygdrive/c/SunriseSW/Contracting/Cablelabs_MPEGDASH/skit-refsw/h264bitstream/build-aux/missing --run makeinfo'
mandir='${datarootdir}/man'
MANIFEST_TOOL=':'
MKDIR_P='/usr/bin/mkdir -p'
mkdir_p='/usr/bin/mkdir -p'
NM='/usr/bin/nm -B'
NMEDIT=''
OBJDUMP='objdump'
OBJEXT='o'
oldincludedir='/usr/include'
OTOOL=''
OTOOL64=''
PACKAGE_BUGREPORT='aizvorski@gmail.com'
PACKAGE_NAME='h264bitstream'
PACKAGE_STRING='h264bitstream 0.2.0'
PACKAGE_TARNAME='h264bitstream'
PACKAGE_URL=''
PACKAGE_VERSION='0.2.0'
PACKAGE='h264bitstream'
PATH_SEPARATOR=':'
pdfdir='${docdir}'
pkgconfig_libdir='${libdir}/pkgconfig'
pkgconfig_libfile='libh264bitstream.pc'
prefix='/usr/local'
program_transform_name='s,x,x,'
psdir='${docdir}'
RANLIB='ranlib'
sbindir='${exec_prefix}/sbin'
SED='/usr/bin/sed'
SET_MAKE=''
sharedstatedir='${prefix}/com'
SHELL='/bin/sh'
STRIP='strip'
sysconfdir='${prefix}/etc'
target_alias=''
target_cpu='i686'
target_os='cygwin'
target_vendor='pc'
target='i686-pc-cygwin'
VERSION='0.2.0'

## ----------- ##
## confdefs.h. ##
## ----------- ##

/* confdefs.h */
#define PACKAGE_NAME "h264bitstream"
#define PACKAGE_TARNAME "h264bitstream"
#define PACKAGE_VERSION "0.2.0"
#define PACKAGE_STRING "h264bitstream 0.2.0"
#define PACKAGE_BUGREPORT "aizvorski@gmail.com"
#define PACKAGE_URL ""
#define PACKAGE "h264bitstream"
#define VERSION "0.2.0"
#define STDC_HEADERS 1
#define HAVE_SYS_TYPES_H 1
#define HAVE_SYS_STAT_H 1
#define HAVE_STDLIB_H 1
#define HAVE_STRING_H 1
#define HAVE_MEMORY_H 1
#define HAVE_STRINGS_H 1
#define HAVE_INTTYPES_H 1
#define HAVE_STDINT_H 1
#define HAVE_UNISTD_H 1
#define HAVE_DLFCN_H 1
#define LT_OBJDIR ".libs/"
#define HAVE_GETOPT_LONG 1
#define NDEBUG /**/

configure: exit 0
